<?xml version="1.0" encoding="UTF-8"?>
<!-- Generated by org.testng.reporters.JUnitXMLReporter -->
<testsuite ignored="0" hostname="DESKTOP-5OAK7BC" failures="1" tests="5" name="Surefire test" time="48.721" errors="0" timestamp="2024-12-23T20:57:07 IST">
  <testcase classname="muthusundar.ErrorValidationTest" name="loginwithInvalidCredentials" time="0.584">
    <skipped/>
  </testcase> <!-- loginwithInvalidCredentials -->
  <testcase classname="muthusundar.ErrorValidationTest" name="loginwithInvalidCredentials" time="1.061">
    <failure type="java.lang.AssertionError" message="expected [Incorrect email or password.] but found [Incorrect email  password.]">
      <![CDATA[java.lang.AssertionError: expected [Incorrect email or password.] but found [Incorrect email  password.]
at muthusundar.ErrorValidationTest.loginwithInvalidCredentials(ErrorValidationTest.java:16)
at java.base/java.util.ArrayList.forEach(ArrayList.java:1596)
... Removed 36 stack frames]]>
    </failure>
  </testcase> <!-- loginwithInvalidCredentials -->
  <testcase classname="muthusundar.SubmitOrderTest" name="submitOrder" time="15.985"/>
  <testcase classname="muthusundar.SubmitOrderTest" name="submitOrder" time="17.605"/>
  <testcase classname="muthusundar.SubmitOrderTest" name="OrderHistoryTest" time="0.91"/>
</testsuite> <!-- Surefire test -->
