<?xml version="1.0" encoding="UTF-8"?>
<!-- Generated by org.testng.reporters.JUnitXMLReporter -->
<testsuite ignored="0" hostname="DESKTOP-5OAK7BC" failures="0" tests="3" name="Default test" time="42.693" errors="0" timestamp="2024-12-23T17:06:14 IST">
  <testcase classname="muthusundar.SubmitOrderTest" name="submitOrder" time="15.652"/>
  <testcase classname="muthusundar.SubmitOrderTest" name="submitOrder" time="16.875"/>
  <testcase classname="muthusundar.SubmitOrderTest" name="OrderHistoryTest" time="0.758"/>
</testsuite> <!-- Default test -->
