<?xml version="1.0" encoding="UTF-8"?>
<!-- Generated by org.testng.reporters.JUnitXMLReporter -->
<testsuite ignored="0" hostname="DESKTOP-5OAK7BC" failures="1" tests="2" name="Error Validation Test" time="11.51" errors="0" timestamp="2024-12-23T17:43:23 IST">
  <testcase classname="muthusundar.ErrorValidationTest" name="loginwithInvalidCredentials" time="0.708">
    <skipped/>
  </testcase> <!-- loginwithInvalidCredentials -->
  <testcase classname="muthusundar.ErrorValidationTest" name="loginwithInvalidCredentials" time="0.88">
    <failure type="java.lang.AssertionError" message="expected [Incorrect email or password.] but found [Incorrect email  password.]">
      <![CDATA[java.lang.AssertionError: expected [Incorrect email or password.] but found [Incorrect email  password.]
at muthusundar.ErrorValidationTest.loginwithInvalidCredentials(ErrorValidationTest.java:16)
at java.base/java.util.ArrayList.forEach(ArrayList.java:1511)
at java.base/java.util.concurrent.FutureTask.run(FutureTask.java:264)
at java.base/java.util.concurrent.ThreadPoolExecutor.runWorker(ThreadPoolExecutor.java:1136)
at java.base/java.util.concurrent.ThreadPoolExecutor$Worker.run(ThreadPoolExecutor.java:635)
at java.base/java.lang.Thread.run(Thread.java:840)
... Removed 23 stack frames]]>
    </failure>
  </testcase> <!-- loginwithInvalidCredentials -->
</testsuite> <!-- Error Validation Test -->
