<?xml version="1.0" encoding="UTF-8"?>
<!-- Generated by org.testng.reporters.JUnitXMLReporter -->
<testsuite ignored="0" hostname="DESKTOP-5OAK7BC" failures="0" tests="3" name="Submit Order Test" time="47.749" errors="0" timestamp="2024-12-23T17:43:58 IST">
  <testcase classname="muthusundar.SubmitOrderTest" name="submitOrder" time="15.936"/>
  <testcase classname="muthusundar.SubmitOrderTest" name="submitOrder" time="16.607"/>
  <testcase classname="muthusundar.SubmitOrderTest" name="OrderHistoryTest" time="0.883"/>
</testsuite> <!-- Submit Order Test -->
